Arguments: 
  /usr/local/bin/node /usr/local/bin/yarn install

PATH: 
  /usr/local/bin:/usr/bin:/bin:/usr/sbin:/sbin

Yarn version: 
  1.22.4

Node version: 
  10.15.0

Platform: 
  darwin x64

Trace: 
  Error: ENOENT: no such file or directory, copyfile '/Users/rockshang/Library/Caches/Yarn/v6/npm-inherits-2.0.4-0fa2c64f932917c3433a0ded55363aae37416b7c-integrity/node_modules/inherits/README.md' -> '/Users/rockshang/WWW/rock-chart/node_modules/send/node_modules/inherits/README.md'

npm manifest: 
  {
    "name": "express-socket.io",
    "version": "1.0.0",
    "description": "",
    "main": "index.js",
    "scripts": {
      "test": "echo \"Error: no test specified\" && exit 1"
    },
    "keywords": [],
    "author": "",
    "license": "ISC",
    "dependencies": {
      "element-ui": "^2.14.1",
      "express": "^4.17.1",
      "jsonwebtoken": "^8.5.1",
      "moment": "^2.29.1",
      "nodejs-websocket": "^1.7.2",
      "socket.io": "^3.0.4",
      "vue": "^2.6.12",
      "vue-emoji-picker": "^1.0.1"
    }
  }

yarn manifest: 
  No manifest

Lockfile: 
  No lockfile
